<?xml version="1.0" encoding="UTF-8"?>
<testng-results skipped="0" failed="0" ignored="0" total="4" passed="4">
  <reporter-output>
  </reporter-output>
  <suite name="Final-Score App running on Chrome Browser" duration-ms="80337" started-at="2017-12-16T04:01:01Z" finished-at="2017-12-16T04:02:21Z">
    <groups>
    </groups>
    <test name="Home Page" duration-ms="80337" started-at="2017-12-16T04:01:01Z" finished-at="2017-12-16T04:02:21Z">
      <class name="SearchTest">
        <test-method status="PASS" signature="setUp(boolean, java.lang.String, java.lang.String, java.lang.String, java.lang.String, java.lang.String, java.lang.String)[pri:0, instance:SearchTest@307f6b8c]" name="setUp" is-config="true" duration-ms="10467" started-at="2017-12-15T22:01:45Z" finished-at="2017-12-15T22:01:55Z">
          <params>
            <param index="0">
              <value>
                <![CDATA[false]]>
              </value>
            </param>
            <param index="1">
              <value>
                <![CDATA[mdalam]]>
              </value>
            </param>
            <param index="2">
              <value>
                <![CDATA[662b4ed7-1a59-4ab2-ae8c-2dfe1e32f4aa]]>
              </value>
            </param>
            <param index="3">
              <value>
                <![CDATA[https://www.final-score.com]]>
              </value>
            </param>
            <param index="4">
              <value>
                <![CDATA[mac]]>
              </value>
            </param>
            <param index="5">
              <value>
                <![CDATA[chrome]]>
              </value>
            </param>
            <param index="6">
              <value>
                <![CDATA[45.0.2454.93]]>
              </value>
            </param>
          </params>
          <reporter-output>
          </reporter-output>
        </test-method> <!-- setUp -->
        <test-method status="PASS" signature="testAutorizedUsersSearch()[pri:0, instance:SearchTest@307f6b8c]" name="testAutorizedUsersSearch" duration-ms="16093" started-at="2017-12-15T22:01:55Z" finished-at="2017-12-15T22:02:11Z">
          <reporter-output>
          </reporter-output>
        </test-method> <!-- testAutorizedUsersSearch -->
        <test-method status="PASS" signature="cleanUp()[pri:0, instance:SearchTest@307f6b8c]" name="cleanUp" is-config="true" duration-ms="87" started-at="2017-12-15T22:02:11Z" finished-at="2017-12-15T22:02:11Z">
          <reporter-output>
          </reporter-output>
        </test-method> <!-- cleanUp -->
        <test-method status="PASS" signature="setUp(boolean, java.lang.String, java.lang.String, java.lang.String, java.lang.String, java.lang.String, java.lang.String)[pri:0, instance:SearchTest@307f6b8c]" name="setUp" is-config="true" duration-ms="5309" started-at="2017-12-15T22:02:11Z" finished-at="2017-12-15T22:02:17Z">
          <params>
            <param index="0">
              <value>
                <![CDATA[false]]>
              </value>
            </param>
            <param index="1">
              <value>
                <![CDATA[mdalam]]>
              </value>
            </param>
            <param index="2">
              <value>
                <![CDATA[662b4ed7-1a59-4ab2-ae8c-2dfe1e32f4aa]]>
              </value>
            </param>
            <param index="3">
              <value>
                <![CDATA[https://www.final-score.com]]>
              </value>
            </param>
            <param index="4">
              <value>
                <![CDATA[mac]]>
              </value>
            </param>
            <param index="5">
              <value>
                <![CDATA[chrome]]>
              </value>
            </param>
            <param index="6">
              <value>
                <![CDATA[45.0.2454.93]]>
              </value>
            </param>
          </params>
          <reporter-output>
          </reporter-output>
        </test-method> <!-- setUp -->
        <test-method status="PASS" signature="testSearch()[pri:0, instance:SearchTest@307f6b8c]" name="testSearch" duration-ms="4236" started-at="2017-12-15T22:02:17Z" finished-at="2017-12-15T22:02:21Z">
          <reporter-output>
          </reporter-output>
        </test-method> <!-- testSearch -->
        <test-method status="PASS" signature="cleanUp()[pri:0, instance:SearchTest@307f6b8c]" name="cleanUp" is-config="true" duration-ms="87" started-at="2017-12-15T22:02:21Z" finished-at="2017-12-15T22:02:21Z">
          <reporter-output>
          </reporter-output>
        </test-method> <!-- cleanUp -->
      </class> <!-- SearchTest -->
      <class name="SignInTest">
        <test-method status="PASS" signature="setUp(boolean, java.lang.String, java.lang.String, java.lang.String, java.lang.String, java.lang.String, java.lang.String)[pri:0, instance:SignInTest@2173f6d9]" name="setUp" is-config="true" duration-ms="5687" started-at="2017-12-15T22:01:01Z" finished-at="2017-12-15T22:01:06Z">
          <params>
            <param index="0">
              <value>
                <![CDATA[false]]>
              </value>
            </param>
            <param index="1">
              <value>
                <![CDATA[mdalam]]>
              </value>
            </param>
            <param index="2">
              <value>
                <![CDATA[662b4ed7-1a59-4ab2-ae8c-2dfe1e32f4aa]]>
              </value>
            </param>
            <param index="3">
              <value>
                <![CDATA[https://www.final-score.com]]>
              </value>
            </param>
            <param index="4">
              <value>
                <![CDATA[mac]]>
              </value>
            </param>
            <param index="5">
              <value>
                <![CDATA[chrome]]>
              </value>
            </param>
            <param index="6">
              <value>
                <![CDATA[45.0.2454.93]]>
              </value>
            </param>
          </params>
          <reporter-output>
          </reporter-output>
        </test-method> <!-- setUp -->
        <test-method status="PASS" signature="testSignIn()[pri:0, instance:SignInTest@2173f6d9]" name="testSignIn" duration-ms="13025" started-at="2017-12-15T22:01:06Z" finished-at="2017-12-15T22:01:19Z">
          <reporter-output>
          </reporter-output>
        </test-method> <!-- testSignIn -->
        <test-method status="PASS" signature="cleanUp()[pri:0, instance:SignInTest@2173f6d9]" name="cleanUp" is-config="true" duration-ms="93" started-at="2017-12-15T22:01:19Z" finished-at="2017-12-15T22:01:19Z">
          <reporter-output>
          </reporter-output>
        </test-method> <!-- cleanUp -->
        <test-method status="PASS" signature="setUp(boolean, java.lang.String, java.lang.String, java.lang.String, java.lang.String, java.lang.String, java.lang.String)[pri:0, instance:SignInTest@2173f6d9]" name="setUp" is-config="true" duration-ms="4622" started-at="2017-12-15T22:01:19Z" finished-at="2017-12-15T22:01:24Z">
          <params>
            <param index="0">
              <value>
                <![CDATA[false]]>
              </value>
            </param>
            <param index="1">
              <value>
                <![CDATA[mdalam]]>
              </value>
            </param>
            <param index="2">
              <value>
                <![CDATA[662b4ed7-1a59-4ab2-ae8c-2dfe1e32f4aa]]>
              </value>
            </param>
            <param index="3">
              <value>
                <![CDATA[https://www.final-score.com]]>
              </value>
            </param>
            <param index="4">
              <value>
                <![CDATA[mac]]>
              </value>
            </param>
            <param index="5">
              <value>
                <![CDATA[chrome]]>
              </value>
            </param>
            <param index="6">
              <value>
                <![CDATA[45.0.2454.93]]>
              </value>
            </param>
          </params>
          <reporter-output>
          </reporter-output>
        </test-method> <!-- setUp -->
        <test-method status="PASS" signature="testSignInAfterProductSearch()[pri:0, instance:SignInTest@2173f6d9]" name="testSignInAfterProductSearch" duration-ms="20524" started-at="2017-12-15T22:01:24Z" finished-at="2017-12-15T22:01:44Z">
          <reporter-output>
          </reporter-output>
        </test-method> <!-- testSignInAfterProductSearch -->
        <test-method status="PASS" signature="cleanUp()[pri:0, instance:SignInTest@2173f6d9]" name="cleanUp" is-config="true" duration-ms="88" started-at="2017-12-15T22:01:44Z" finished-at="2017-12-15T22:01:45Z">
          <reporter-output>
          </reporter-output>
        </test-method> <!-- cleanUp -->
      </class> <!-- SignInTest -->
    </test> <!-- Home Page -->
  </suite> <!-- Final-Score App running on Chrome Browser -->
</testng-results>
