<?xml version="1.0" encoding="UTF-8"?>
<!-- Generated by org.testng.reporters.JUnitXMLReporter -->
<testsuite hostname="WAUC02S10KWG8WL" ignored="0" tests="4" failures="0" timestamp="16 Dec 2017 04:02:21 GMT" time="80.337" errors="0">
  <testcase name="testSignIn" time="13.025" classname="SignInTest"/>
  <testcase name="testSignInAfterProductSearch" time="20.524" classname="SignInTest"/>
  <testcase name="testAutorizedUsersSearch" time="16.093" classname="SearchTest"/>
  <testcase name="testSearch" time="4.236" classname="SearchTest"/>
</testsuite>
